[     166ms] [LOG] Angular is running in development mode. @ http://localhost:4200/@fs/D:/slw/git-project/project-management/frontend/project-management-web/.angular/cache/21.2.8/project-management-web/vite/deps/chunk-W6ASS7BU.js?v=53c2a113:11183
[     420ms] [ERROR] Failed to load resource: the server responded with a status of 400 (Bad Request) @ http://localhost:4200/api/v1/reports/budget?month=:0
[    7382ms] [ERROR] Failed to load resource: the server responded with a status of 400 (Bad Request) @ http://localhost:4200/api/v1/reports/budget/pdf?month=:0
[    7389ms] [ERROR] [Error][traceId: n/a] Không thể xuất PDF. {traceId: undefined, message: Không thể xuất PDF., err: HttpErrorResponse} @ http://localhost:4200/chunk-XGF7EV5A.js:182
[  410510ms] [LOG] Angular is running in development mode. @ http://localhost:4200/@fs/D:/slw/git-project/project-management/frontend/project-management-web/.angular/cache/21.2.8/project-management-web/vite/deps/chunk-W6ASS7BU.js?v=53c2a113:11183
[  413163ms] [ERROR] Failed to load resource: the server responded with a status of 400 (Bad Request) @ http://localhost:4200/api/v1/reports/budget?month=:0
[  414466ms] [ERROR] Failed to load resource: the server responded with a status of 400 (Bad Request) @ http://localhost:4200/api/v1/reports/budget?month=:0
[  415969ms] [ERROR] Failed to load resource: the server responded with a status of 400 (Bad Request) @ http://localhost:4200/api/v1/reports/budget?month=:0
[  418916ms] [ERROR] Failed to load resource: the server responded with a status of 400 (Bad Request) @ http://localhost:4200/api/v1/reports/budget/pdf?month=:0
[  418919ms] [ERROR] [Error][traceId: n/a] Không thể xuất PDF. {traceId: undefined, message: Không thể xuất PDF., err: HttpErrorResponse} @ http://localhost:4200/chunk-XGF7EV5A.js:182
[  421976ms] [ERROR] Failed to load resource: the server responded with a status of 400 (Bad Request) @ http://localhost:4200/api/v1/reports/budget/pdf?month=:0
[  421977ms] [ERROR] [Error][traceId: n/a] Không thể xuất PDF. {traceId: undefined, message: Không thể xuất PDF., err: HttpErrorResponse} @ http://localhost:4200/chunk-XGF7EV5A.js:182
[  423939ms] [ERROR] Failed to load resource: the server responded with a status of 400 (Bad Request) @ http://localhost:4200/api/v1/reports/budget?month=:0
[  425767ms] [ERROR] Failed to load resource: the server responded with a status of 400 (Bad Request) @ http://localhost:4200/api/v1/reports/budget?month=:0
[  427413ms] [ERROR] Failed to load resource: the server responded with a status of 400 (Bad Request) @ http://localhost:4200/api/v1/reports/budget?month=:0
[  429211ms] [ERROR] Failed to load resource: the server responded with a status of 400 (Bad Request) @ http://localhost:4200/api/v1/reports/budget?month=:0
[  519045ms] [LOG] Angular is running in development mode. @ http://localhost:4200/@fs/D:/slw/git-project/project-management/frontend/project-management-web/.angular/cache/21.2.8/project-management-web/vite/deps/chunk-W6ASS7BU.js?v=53c2a113:11183
[  532282ms] [WARNING] @ngrx/store: The feature name "notifications" does not exist in the state, therefore createFeatureSelector cannot access it.  Be sure it is imported in a loaded module using StoreModule.forRoot('notifications', ...) or StoreModule.forFeature('notifications', ...).  If the default state is intended to be undefined, as is the case with router state, this development-only warning message can be ignored. @ http://localhost:4200/@fs/D:/slw/git-project/project-management/frontend/project-management-web/.angular/cache/21.2.8/project-management-web/vite/deps/chunk-U44RQUGP.js?v=53c2a113:727
[  532296ms] [WARNING] @ngrx/store: The feature name "notifications" does not exist in the state, therefore createFeatureSelector cannot access it.  Be sure it is imported in a loaded module using StoreModule.forRoot('notifications', ...) or StoreModule.forFeature('notifications', ...).  If the default state is intended to be undefined, as is the case with router state, this development-only warning message can be ignored. @ http://localhost:4200/@fs/D:/slw/git-project/project-management/frontend/project-management-web/.angular/cache/21.2.8/project-management-web/vite/deps/chunk-U44RQUGP.js?v=53c2a113:727
[  532315ms] [ERROR] ERROR TypeError: Cannot read properties of undefined (reading 'filter')
    at http://localhost:4200/chunk-GPJE7DPV.js:299:161
    at http://localhost:4200/@fs/D:/slw/git-project/project-management/frontend/project-management-web/.angular/cache/21.2.8/project-management-web/vite/deps/chunk-U44RQUGP.js?v=53c2a113:706:24
    at memoized (http://localhost:4200/@fs/D:/slw/git-project/project-management/frontend/project-management-web/.angular/cache/21.2.8/project-management-web/vite/deps/chunk-U44RQUGP.js?v=53c2a113:658:33)
    at defaultStateFn (http://localhost:4200/@fs/D:/slw/git-project/project-management/frontend/project-management-web/.angular/cache/21.2.8/project-management-web/vite/deps/chunk-U44RQUGP.js?v=53c2a113:686:39)
    at http://localhost:4200/@fs/D:/slw/git-project/project-management/frontend/project-management-web/.angular/cache/21.2.8/project-management-web/vite/deps/chunk-U44RQUGP.js?v=53c2a113:709:30
    at memoized (http://localhost:4200/@fs/D:/slw/git-project/project-management/frontend/project-management-web/.angular/cache/21.2.8/project-management-web/vite/deps/chunk-U44RQUGP.js?v=53c2a113:658:33)
    at http://localhost:4200/@fs/D:/slw/git-project/project-management/frontend/project-management-web/.angular/cache/21.2.8/project-management-web/vite/deps/chunk-U44RQUGP.js?v=53c2a113:561:46
    at http://localhost:4200/@fs/D:/slw/git-project/project-management/frontend/project-management-web/.angular/cache/21.2.8/project-management-web/vite/deps/chunk-MARUHEWW.js?v=53c2a113:2006:31
    at OperatorSubscriber2._this._next (http://localhost:4200/@fs/D:/slw/git-project/project-management/frontend/project-management-web/.angular/cache/21.2.8/project-management-web/vite/deps/chunk-MARUHEWW.js?v=53c2a113:796:9)
    at Subscriber2.next (http://localhost:4200/@fs/D:/slw/git-project/project-management/frontend/project-management-web/.angular/cache/21.2.8/project-management-web/vite/deps/chunk-MARUHEWW.js?v=53c2a113:499:12) @ http://localhost:4200/@fs/D:/slw/git-project/project-management/frontend/project-management-web/.angular/cache/21.2.8/project-management-web/vite/deps/chunk-GCLKLKYN.js?v=53c2a113:3171
[  532366ms] [WARNING] @ngrx/store: The feature name "notifications" does not exist in the state, therefore createFeatureSelector cannot access it.  Be sure it is imported in a loaded module using StoreModule.forRoot('notifications', ...) or StoreModule.forFeature('notifications', ...).  If the default state is intended to be undefined, as is the case with router state, this development-only warning message can be ignored. @ http://localhost:4200/@fs/D:/slw/git-project/project-management/frontend/project-management-web/.angular/cache/21.2.8/project-management-web/vite/deps/chunk-U44RQUGP.js?v=53c2a113:727
[  554792ms] [WARNING] @ngrx/store: The feature name "notifications" does not exist in the state, therefore createFeatureSelector cannot access it.  Be sure it is imported in a loaded module using StoreModule.forRoot('notifications', ...) or StoreModule.forFeature('notifications', ...).  If the default state is intended to be undefined, as is the case with router state, this development-only warning message can be ignored. @ http://localhost:4200/@fs/D:/slw/git-project/project-management/frontend/project-management-web/.angular/cache/21.2.8/project-management-web/vite/deps/chunk-U44RQUGP.js?v=53c2a113:727
[  554822ms] [ERROR] ERROR TypeError: Cannot read properties of undefined (reading 'filter')
    at http://localhost:4200/chunk-GPJE7DPV.js:299:161
    at http://localhost:4200/@fs/D:/slw/git-project/project-management/frontend/project-management-web/.angular/cache/21.2.8/project-management-web/vite/deps/chunk-U44RQUGP.js?v=53c2a113:706:24
    at memoized (http://localhost:4200/@fs/D:/slw/git-project/project-management/frontend/project-management-web/.angular/cache/21.2.8/project-management-web/vite/deps/chunk-U44RQUGP.js?v=53c2a113:658:33)
    at defaultStateFn (http://localhost:4200/@fs/D:/slw/git-project/project-management/frontend/project-management-web/.angular/cache/21.2.8/project-management-web/vite/deps/chunk-U44RQUGP.js?v=53c2a113:686:39)
    at http://localhost:4200/@fs/D:/slw/git-project/project-management/frontend/project-management-web/.angular/cache/21.2.8/project-management-web/vite/deps/chunk-U44RQUGP.js?v=53c2a113:709:30
    at memoized (http://localhost:4200/@fs/D:/slw/git-project/project-management/frontend/project-management-web/.angular/cache/21.2.8/project-management-web/vite/deps/chunk-U44RQUGP.js?v=53c2a113:658:33)
    at http://localhost:4200/@fs/D:/slw/git-project/project-management/frontend/project-management-web/.angular/cache/21.2.8/project-management-web/vite/deps/chunk-U44RQUGP.js?v=53c2a113:561:46
    at http://localhost:4200/@fs/D:/slw/git-project/project-management/frontend/project-management-web/.angular/cache/21.2.8/project-management-web/vite/deps/chunk-MARUHEWW.js?v=53c2a113:2006:31
    at OperatorSubscriber2._this._next (http://localhost:4200/@fs/D:/slw/git-project/project-management/frontend/project-management-web/.angular/cache/21.2.8/project-management-web/vite/deps/chunk-MARUHEWW.js?v=53c2a113:796:9)
    at Subscriber2.next (http://localhost:4200/@fs/D:/slw/git-project/project-management/frontend/project-management-web/.angular/cache/21.2.8/project-management-web/vite/deps/chunk-MARUHEWW.js?v=53c2a113:499:12) @ http://localhost:4200/@fs/D:/slw/git-project/project-management/frontend/project-management-web/.angular/cache/21.2.8/project-management-web/vite/deps/chunk-GCLKLKYN.js?v=53c2a113:3171
[  554848ms] [WARNING] @ngrx/store: The feature name "notifications" does not exist in the state, therefore createFeatureSelector cannot access it.  Be sure it is imported in a loaded module using StoreModule.forRoot('notifications', ...) or StoreModule.forFeature('notifications', ...).  If the default state is intended to be undefined, as is the case with router state, this development-only warning message can be ignored. @ http://localhost:4200/@fs/D:/slw/git-project/project-management/frontend/project-management-web/.angular/cache/21.2.8/project-management-web/vite/deps/chunk-U44RQUGP.js?v=53c2a113:727
[  576467ms] [LOG] Angular is running in development mode. @ http://localhost:4200/@fs/D:/slw/git-project/project-management/frontend/project-management-web/.angular/cache/21.2.8/project-management-web/vite/deps/chunk-W6ASS7BU.js?v=53c2a113:11183
[  576685ms] [WARNING] @ngrx/store: The feature name "notifications" does not exist in the state, therefore createFeatureSelector cannot access it.  Be sure it is imported in a loaded module using StoreModule.forRoot('notifications', ...) or StoreModule.forFeature('notifications', ...).  If the default state is intended to be undefined, as is the case with router state, this development-only warning message can be ignored. @ http://localhost:4200/@fs/D:/slw/git-project/project-management/frontend/project-management-web/.angular/cache/21.2.8/project-management-web/vite/deps/chunk-U44RQUGP.js?v=53c2a113:727
[  576703ms] [WARNING] @ngrx/store: The feature name "notifications" does not exist in the state, therefore createFeatureSelector cannot access it.  Be sure it is imported in a loaded module using StoreModule.forRoot('notifications', ...) or StoreModule.forFeature('notifications', ...).  If the default state is intended to be undefined, as is the case with router state, this development-only warning message can be ignored. @ http://localhost:4200/@fs/D:/slw/git-project/project-management/frontend/project-management-web/.angular/cache/21.2.8/project-management-web/vite/deps/chunk-U44RQUGP.js?v=53c2a113:727
[  576730ms] [ERROR] ERROR TypeError: Cannot read properties of undefined (reading 'filter')
    at http://localhost:4200/chunk-IGBLGUKR.js:299:161
    at http://localhost:4200/@fs/D:/slw/git-project/project-management/frontend/project-management-web/.angular/cache/21.2.8/project-management-web/vite/deps/chunk-U44RQUGP.js?v=53c2a113:706:24
    at memoized (http://localhost:4200/@fs/D:/slw/git-project/project-management/frontend/project-management-web/.angular/cache/21.2.8/project-management-web/vite/deps/chunk-U44RQUGP.js?v=53c2a113:658:33)
    at defaultStateFn (http://localhost:4200/@fs/D:/slw/git-project/project-management/frontend/project-management-web/.angular/cache/21.2.8/project-management-web/vite/deps/chunk-U44RQUGP.js?v=53c2a113:686:39)
    at http://localhost:4200/@fs/D:/slw/git-project/project-management/frontend/project-management-web/.angular/cache/21.2.8/project-management-web/vite/deps/chunk-U44RQUGP.js?v=53c2a113:709:30
    at memoized (http://localhost:4200/@fs/D:/slw/git-project/project-management/frontend/project-management-web/.angular/cache/21.2.8/project-management-web/vite/deps/chunk-U44RQUGP.js?v=53c2a113:658:33)
    at http://localhost:4200/@fs/D:/slw/git-project/project-management/frontend/project-management-web/.angular/cache/21.2.8/project-management-web/vite/deps/chunk-U44RQUGP.js?v=53c2a113:561:46
    at http://localhost:4200/@fs/D:/slw/git-project/project-management/frontend/project-management-web/.angular/cache/21.2.8/project-management-web/vite/deps/chunk-MARUHEWW.js?v=53c2a113:2006:31
    at OperatorSubscriber2._this._next (http://localhost:4200/@fs/D:/slw/git-project/project-management/frontend/project-management-web/.angular/cache/21.2.8/project-management-web/vite/deps/chunk-MARUHEWW.js?v=53c2a113:796:9)
    at Subscriber2.next (http://localhost:4200/@fs/D:/slw/git-project/project-management/frontend/project-management-web/.angular/cache/21.2.8/project-management-web/vite/deps/chunk-MARUHEWW.js?v=53c2a113:499:12) @ http://localhost:4200/@fs/D:/slw/git-project/project-management/frontend/project-management-web/.angular/cache/21.2.8/project-management-web/vite/deps/chunk-GCLKLKYN.js?v=53c2a113:3171
[  576739ms] [WARNING] @ngrx/store: The feature name "notifications" does not exist in the state, therefore createFeatureSelector cannot access it.  Be sure it is imported in a loaded module using StoreModule.forRoot('notifications', ...) or StoreModule.forFeature('notifications', ...).  If the default state is intended to be undefined, as is the case with router state, this development-only warning message can be ignored. @ http://localhost:4200/@fs/D:/slw/git-project/project-management/frontend/project-management-web/.angular/cache/21.2.8/project-management-web/vite/deps/chunk-U44RQUGP.js?v=53c2a113:727
[  576742ms] [WARNING] @ngrx/store: The feature name "notifications" does not exist in the state, therefore createFeatureSelector cannot access it.  Be sure it is imported in a loaded module using StoreModule.forRoot('notifications', ...) or StoreModule.forFeature('notifications', ...).  If the default state is intended to be undefined, as is the case with router state, this development-only warning message can be ignored. @ http://localhost:4200/@fs/D:/slw/git-project/project-management/frontend/project-management-web/.angular/cache/21.2.8/project-management-web/vite/deps/chunk-U44RQUGP.js?v=53c2a113:727
[  591638ms] [LOG] Angular is running in development mode. @ http://localhost:4200/@fs/D:/slw/git-project/project-management/frontend/project-management-web/.angular/cache/21.2.8/project-management-web/vite/deps/chunk-W6ASS7BU.js?v=53c2a113:11183
[  601990ms] [LOG] Angular is running in development mode. @ http://localhost:4200/@fs/D:/slw/git-project/project-management/frontend/project-management-web/.angular/cache/21.2.8/project-management-web/vite/deps/chunk-W6ASS7BU.js?v=53c2a113:11183
